f:\developer\developer_windows\nirvanavideorecorder\videorecorderplayer\of_v0.9.8_vs_release\libs\openframeworkscompiled\project\vs\obj\x64\debug\ofmesh.obj
f:\developer\developer_windows\nirvanavideorecorder\videorecorderplayer\of_v0.9.8_vs_release\libs\openframeworkscompiled\project\vs\obj\x64\debug\ofmainloop.obj
f:\developer\developer_windows\nirvanavideorecorder\videorecorderplayer\of_v0.9.8_vs_release\libs\openframeworkscompiled\project\vs\obj\x64\debug\ofshader.obj
f:\developer\developer_windows\nirvanavideorecorder\videorecorderplayer\of_v0.9.8_vs_release\libs\openframeworkscompiled\project\vs\obj\x64\debug\oftessellator.obj
f:\developer\developer_windows\nirvanavideorecorder\videorecorderplayer\of_v0.9.8_vs_release\libs\openframeworkscompiled\project\vs\obj\x64\debug\ofquaternion.obj
f:\developer\developer_windows\nirvanavideorecorder\videorecorderplayer\of_v0.9.8_vs_release\libs\openframeworkscompiled\project\vs\obj\x64\debug\ofsoundplayer.obj
f:\developer\developer_windows\nirvanavideorecorder\videorecorderplayer\of_v0.9.8_vs_release\libs\openframeworkscompiled\project\vs\obj\x64\debug\offileutils.obj
f:\developer\developer_windows\nirvanavideorecorder\videorecorderplayer\of_v0.9.8_vs_release\libs\openframeworkscompiled\project\vs\obj\x64\debug\ofutils.obj
f:\developer\developer_windows\nirvanavideorecorder\videorecorderplayer\of_v0.9.8_vs_release\libs\openframeworkscompiled\project\vs\obj\x64\debug\ofserial.obj
f:\developer\developer_windows\nirvanavideorecorder\videorecorderplayer\of_v0.9.8_vs_release\libs\openframeworkscompiled\project\vs\obj\x64\debug\ofcamera.obj
f:\developer\developer_windows\nirvanavideorecorder\videorecorderplayer\of_v0.9.8_vs_release\libs\openframeworkscompiled\project\vs\obj\x64\debug\ofapprunner.obj
f:\developer\developer_windows\nirvanavideorecorder\videorecorderplayer\of_v0.9.8_vs_release\libs\openframeworkscompiled\project\vs\obj\x64\debug\oftexture.obj
f:\developer\developer_windows\nirvanavideorecorder\videorecorderplayer\of_v0.9.8_vs_release\libs\openframeworkscompiled\project\vs\obj\x64\debug\ofgraphics.obj
f:\developer\developer_windows\nirvanavideorecorder\videorecorderplayer\of_v0.9.8_vs_release\libs\openframeworkscompiled\project\vs\obj\x64\debug\ofmatrix4x4.obj
f:\developer\developer_windows\nirvanavideorecorder\videorecorderplayer\of_v0.9.8_vs_release\libs\openframeworkscompiled\project\vs\obj\x64\debug\ofrtaudiosoundstream.obj
f:\developer\developer_windows\nirvanavideorecorder\videorecorderplayer\of_v0.9.8_vs_release\libs\openframeworkscompiled\project\vs\obj\x64\debug\offpscounter.obj
f:\developer\developer_windows\nirvanavideorecorder\videorecorderplayer\of_v0.9.8_vs_release\libs\openframeworkscompiled\project\vs\obj\x64\debug\ofsystemutils.obj
f:\developer\developer_windows\nirvanavideorecorder\videorecorderplayer\of_v0.9.8_vs_release\libs\openframeworkscompiled\project\vs\obj\x64\debug\ofarduino.obj
f:\developer\developer_windows\nirvanavideorecorder\videorecorderplayer\of_v0.9.8_vs_release\libs\openframeworkscompiled\project\vs\obj\x64\debug\of3dutils.obj
f:\developer\developer_windows\nirvanavideorecorder\videorecorderplayer\of_v0.9.8_vs_release\libs\openframeworkscompiled\project\vs\obj\x64\debug\ofappnowindow.obj
f:\developer\developer_windows\nirvanavideorecorder\videorecorderplayer\of_v0.9.8_vs_release\libs\openframeworkscompiled\project\vs\obj\x64\debug\ofglprogrammablerenderer.obj
f:\developer\developer_windows\nirvanavideorecorder\videorecorderplayer\of_v0.9.8_vs_release\libs\openframeworkscompiled\project\vs\obj\x64\debug\ofpath.obj
f:\developer\developer_windows\nirvanavideorecorder\videorecorderplayer\of_v0.9.8_vs_release\libs\openframeworkscompiled\project\vs\obj\x64\debug\ofmath.obj
f:\developer\developer_windows\nirvanavideorecorder\videorecorderplayer\of_v0.9.8_vs_release\libs\openframeworkscompiled\project\vs\obj\x64\debug\offmodsoundplayer.obj
f:\developer\developer_windows\nirvanavideorecorder\videorecorderplayer\of_v0.9.8_vs_release\libs\openframeworkscompiled\project\vs\obj\x64\debug\ofparameter.obj
f:\developer\developer_windows\nirvanavideorecorder\videorecorderplayer\of_v0.9.8_vs_release\libs\openframeworkscompiled\project\vs\obj\x64\debug\ofurlfileloader.obj
f:\developer\developer_windows\nirvanavideorecorder\videorecorderplayer\of_v0.9.8_vs_release\libs\openframeworkscompiled\project\vs\obj\x64\debug\ofappglutwindow.obj
f:\developer\developer_windows\nirvanavideorecorder\videorecorderplayer\of_v0.9.8_vs_release\libs\openframeworkscompiled\project\vs\obj\x64\debug\ofglrenderer.obj
f:\developer\developer_windows\nirvanavideorecorder\videorecorderplayer\of_v0.9.8_vs_release\libs\openframeworkscompiled\project\vs\obj\x64\debug\of3dgraphics.obj
f:\developer\developer_windows\nirvanavideorecorder\videorecorderplayer\of_v0.9.8_vs_release\libs\openframeworkscompiled\project\vs\obj\x64\debug\ofpixels.obj
f:\developer\developer_windows\nirvanavideorecorder\videorecorderplayer\of_v0.9.8_vs_release\libs\openframeworkscompiled\project\vs\obj\x64\debug\ofbasesoundstream.obj
f:\developer\developer_windows\nirvanavideorecorder\videorecorderplayer\of_v0.9.8_vs_release\libs\openframeworkscompiled\project\vs\obj\x64\debug\ofrectangle.obj
f:\developer\developer_windows\nirvanavideorecorder\videorecorderplayer\of_v0.9.8_vs_release\libs\openframeworkscompiled\project\vs\obj\x64\debug\oftimer.obj
f:\developer\developer_windows\nirvanavideorecorder\videorecorderplayer\of_v0.9.8_vs_release\libs\openframeworkscompiled\project\vs\obj\x64\debug\ofdirectshowgrabber.obj
f:\developer\developer_windows\nirvanavideorecorder\videorecorderplayer\of_v0.9.8_vs_release\libs\openframeworkscompiled\project\vs\obj\x64\debug\ofnode.obj
f:\developer\developer_windows\nirvanavideorecorder\videorecorderplayer\of_v0.9.8_vs_release\libs\openframeworkscompiled\project\vs\obj\x64\debug\offbo.obj
f:\developer\developer_windows\nirvanavideorecorder\videorecorderplayer\of_v0.9.8_vs_release\libs\openframeworkscompiled\project\vs\obj\x64\debug\ofvbo.obj
f:\developer\developer_windows\nirvanavideorecorder\videorecorderplayer\of_v0.9.8_vs_release\libs\openframeworkscompiled\project\vs\obj\x64\debug\ofpolyline.obj
f:\developer\developer_windows\nirvanavideorecorder\videorecorderplayer\of_v0.9.8_vs_release\libs\openframeworkscompiled\project\vs\obj\x64\debug\ofvec2f.obj
f:\developer\developer_windows\nirvanavideorecorder\videorecorderplayer\of_v0.9.8_vs_release\libs\openframeworkscompiled\project\vs\obj\x64\debug\ofsoundbuffer.obj
f:\developer\developer_windows\nirvanavideorecorder\videorecorderplayer\of_v0.9.8_vs_release\libs\openframeworkscompiled\project\vs\obj\x64\debug\ofparametergroup.obj
f:\developer\developer_windows\nirvanavideorecorder\videorecorderplayer\of_v0.9.8_vs_release\libs\openframeworkscompiled\project\vs\obj\x64\debug\ofvideoplayer.obj
f:\developer\developer_windows\nirvanavideorecorder\videorecorderplayer\of_v0.9.8_vs_release\libs\openframeworkscompiled\project\vs\obj\x64\debug\ofeasycam.obj
f:\developer\developer_windows\nirvanavideorecorder\videorecorderplayer\of_v0.9.8_vs_release\libs\openframeworkscompiled\project\vs\obj\x64\debug\ofevents.obj
f:\developer\developer_windows\nirvanavideorecorder\videorecorderplayer\of_v0.9.8_vs_release\libs\openframeworkscompiled\project\vs\obj\x64\debug\ofmaterial.obj
f:\developer\developer_windows\nirvanavideorecorder\videorecorderplayer\of_v0.9.8_vs_release\libs\openframeworkscompiled\project\vs\obj\x64\debug\ofcairorenderer.obj
f:\developer\developer_windows\nirvanavideorecorder\videorecorderplayer\of_v0.9.8_vs_release\libs\openframeworkscompiled\project\vs\obj\x64\debug\ofmatrix3x3.obj
f:\developer\developer_windows\nirvanavideorecorder\videorecorderplayer\of_v0.9.8_vs_release\libs\openframeworkscompiled\project\vs\obj\x64\debug\ofvec4f.obj
f:\developer\developer_windows\nirvanavideorecorder\videorecorderplayer\of_v0.9.8_vs_release\libs\openframeworkscompiled\project\vs\obj\x64\debug\ofsoundstream.obj
f:\developer\developer_windows\nirvanavideorecorder\videorecorderplayer\of_v0.9.8_vs_release\libs\openframeworkscompiled\project\vs\obj\x64\debug\ofmatrixstack.obj
f:\developer\developer_windows\nirvanavideorecorder\videorecorderplayer\of_v0.9.8_vs_release\libs\openframeworkscompiled\project\vs\obj\x64\debug\ofvideograbber.obj
f:\developer\developer_windows\nirvanavideorecorder\videorecorderplayer\of_v0.9.8_vs_release\libs\openframeworkscompiled\project\vs\obj\x64\debug\of3dprimitives.obj
f:\developer\developer_windows\nirvanavideorecorder\videorecorderplayer\of_v0.9.8_vs_release\libs\openframeworkscompiled\project\vs\obj\x64\debug\ofbufferobject.obj
f:\developer\developer_windows\nirvanavideorecorder\videorecorderplayer\of_v0.9.8_vs_release\libs\openframeworkscompiled\project\vs\obj\x64\debug\oflight.obj
f:\developer\developer_windows\nirvanavideorecorder\videorecorderplayer\of_v0.9.8_vs_release\libs\openframeworkscompiled\project\vs\obj\x64\debug\ofbitmapfont.obj
f:\developer\developer_windows\nirvanavideorecorder\videorecorderplayer\of_v0.9.8_vs_release\libs\openframeworkscompiled\project\vs\obj\x64\debug\ofrenderercollection.obj
f:\developer\developer_windows\nirvanavideorecorder\videorecorderplayer\of_v0.9.8_vs_release\libs\openframeworkscompiled\project\vs\obj\x64\debug\ofbasetypes.obj
f:\developer\developer_windows\nirvanavideorecorder\videorecorderplayer\of_v0.9.8_vs_release\libs\openframeworkscompiled\project\vs\obj\x64\debug\ofthread.obj
f:\developer\developer_windows\nirvanavideorecorder\videorecorderplayer\of_v0.9.8_vs_release\libs\openframeworkscompiled\project\vs\obj\x64\debug\ofdirectshowplayer.obj
f:\developer\developer_windows\nirvanavideorecorder\videorecorderplayer\of_v0.9.8_vs_release\libs\openframeworkscompiled\project\vs\obj\x64\debug\ofappglfwwindow.obj
f:\developer\developer_windows\nirvanavideorecorder\videorecorderplayer\of_v0.9.8_vs_release\libs\openframeworkscompiled\project\vs\obj\x64\debug\ofglutils.obj
f:\developer\developer_windows\nirvanavideorecorder\videorecorderplayer\of_v0.9.8_vs_release\libs\openframeworkscompiled\project\vs\obj\x64\debug\ofvbomesh.obj
f:\developer\developer_windows\nirvanavideorecorder\videorecorderplayer\of_v0.9.8_vs_release\libs\openframeworkscompiled\project\vs\obj\x64\debug\ofimage.obj
f:\developer\developer_windows\nirvanavideorecorder\videorecorderplayer\of_v0.9.8_vs_release\libs\openframeworkscompiled\project\vs\obj\x64\debug\oftruetypefont.obj
f:\developer\developer_windows\nirvanavideorecorder\videorecorderplayer\of_v0.9.8_vs_release\libs\openframeworkscompiled\project\vs\obj\x64\debug\ofcolor.obj
f:\developer\developer_windows\nirvanavideorecorder\videorecorderplayer\of_v0.9.8_vs_release\libs\openframeworkscompiled\project\vs\obj\x64\debug\oflog.obj
f:\developer\developer_windows\nirvanavideorecorder\videorecorderplayer\of_v0.9.8_vs_release\libs\openframeworkscompiled\project\vs\obj\x64\debug\ofxml.obj
f:\developer\developer_windows\nirvanavideorecorder\videorecorderplayer\of_v0.9.8_vs_release\libs\openframeworkscompiled\project\vs\obj\x64\debug\openframeworkslib.pdb
f:\developer\developer_windows\nirvanavideorecorder\videorecorderplayer\of_v0.9.8_vs_release\libs\openframeworkscompiled\lib\vs\x64\openframeworkslib_debug.lib
f:\developer\developer_windows\nirvanavideorecorder\videorecorderplayer\of_v0.9.8_vs_release\libs\openframeworkscompiled\project\vs\..\..\lib\vs\x64\openframeworkslib_debug.lib
f:\developer\developer_windows\nirvanavideorecorder\videorecorderplayer\of_v0.9.8_vs_release\libs\openframeworkscompiled\project\vs\obj\x64\debug\openfram.5837595d.tlog\cl.command.1.tlog
f:\developer\developer_windows\nirvanavideorecorder\videorecorderplayer\of_v0.9.8_vs_release\libs\openframeworkscompiled\project\vs\obj\x64\debug\openfram.5837595d.tlog\cl.read.1.tlog
f:\developer\developer_windows\nirvanavideorecorder\videorecorderplayer\of_v0.9.8_vs_release\libs\openframeworkscompiled\project\vs\obj\x64\debug\openfram.5837595d.tlog\cl.write.1.tlog
f:\developer\developer_windows\nirvanavideorecorder\videorecorderplayer\of_v0.9.8_vs_release\libs\openframeworkscompiled\project\vs\obj\x64\debug\openfram.5837595d.tlog\lib-link.read.1.tlog
f:\developer\developer_windows\nirvanavideorecorder\videorecorderplayer\of_v0.9.8_vs_release\libs\openframeworkscompiled\project\vs\obj\x64\debug\openfram.5837595d.tlog\lib-link.write.1.tlog
f:\developer\developer_windows\nirvanavideorecorder\videorecorderplayer\of_v0.9.8_vs_release\libs\openframeworkscompiled\project\vs\obj\x64\debug\openfram.5837595d.tlog\lib.command.1.tlog
